<?xml version="1.0" encoding="UTF-8"?>
<!-- Generated by org.testng.reporters.JUnitReportReporter -->
<testsuite hostname="DESKTOP-PPS1TL0" failures="0" tests="13" name="pagesTest.HomePageTest" time="9.672" errors="0" timestamp="2023-11-23T00:23:45 EST" skipped="12">
  <testcase classname="pagesTest.HomePageTest" name="use_of_isSelected_in_check_box" time="9.672"/>
  <testcase classname="pagesTest.HomePageTest" name="use_of_isDisplayed_in_FAQS_">
    <skipped/>
  </testcase> <!-- use_of_isDisplayed_in_FAQS_ -->
  <testcase classname="pagesTest.HomePageTest" name="clickLoginButtonTest">
    <skipped/>
  </testcase> <!-- clickLoginButtonTest -->
  <testcase classname="pagesTest.HomePageTest" name="clickLogo">
    <skipped/>
  </testcase> <!-- clickLogo -->
  <testcase classname="pagesTest.HomePageTest" name="inputTextInUserIdFieldTest">
    <skipped/>
  </testcase> <!-- inputTextInUserIdFieldTest -->
  <testcase classname="pagesTest.HomePageTest" name="use_cssSelector_as_locator_in_logo">
    <skipped/>
  </testcase> <!-- use_cssSelector_as_locator_in_logo -->
  <testcase classname="pagesTest.HomePageTest" name="clickUserId">
    <skipped/>
  </testcase> <!-- clickUserId -->
  <testcase classname="pagesTest.HomePageTest" name="cssSelector_as_locator_in_sign_In_button">
    <skipped/>
  </testcase> <!-- cssSelector_as_locator_in_sign_In_button -->
  <testcase classname="pagesTest.HomePageTest" name="use_of_partialLinkText_as_locator_in_Notice_of_Practices_hyperlink">
    <skipped/>
  </testcase> <!-- use_of_partialLinkText_as_locator_in_Notice_of_Practices_hyperlink -->
  <testcase classname="pagesTest.HomePageTest" name="use_of_linkText_as_locator_in_FAQs_hyperlink">
    <skipped/>
  </testcase> <!-- use_of_linkText_as_locator_in_FAQs_hyperlink -->
  <testcase classname="pagesTest.HomePageTest" name="clickForgotUserIdTest">
    <skipped/>
  </testcase> <!-- clickForgotUserIdTest -->
  <testcase classname="pagesTest.HomePageTest" name="use_of_xpath_as_locator_Chat_Now_button">
    <skipped/>
  </testcase> <!-- use_of_xpath_as_locator_Chat_Now_button -->
  <testcase classname="pagesTest.HomePageTest" name="use_of_isEnabled_in_sign_button">
    <skipped/>
  </testcase> <!-- use_of_isEnabled_in_sign_button -->
</testsuite> <!-- pagesTest.HomePageTest -->
