<?xml version="1.0" encoding="UTF-8"?>
<!-- Generated by org.testng.reporters.JUnitReportReporter -->
<testsuite hostname="DESKTOP-PPS1TL0" failures="0" tests="1" name="pagesTest.VaccinationTest" time="177.381" errors="0" timestamp="2023-12-17T19:20:26 EST" skipped="0">
  <testcase classname="pagesTest.VaccinationTest" name="useOfVaccination" time="177.381"/>
  <system-out>
    <![CDATA[Proxy element for: DefaultElementLocator 'By.xpath: //li[@id="at-hp-rp-covid-li-1"]/a/div'<---------> has been clicked<br>
Sleeping ... zZz 2<br>
[[FirefoxDriver: firefox on windows (1cf2b5c0-f4de-4dfe-a6d0-d3a8dde5bfb2)] -> xpath: //input[@id='userDob']]<---------> has been clicked<br>
Sleeping ... zZz 3<br>
08022001 <-----> has been put into <-----> [[FirefoxDriver: firefox on windows (1cf2b5c0-f4de-4dfe-a6d0-d3a8dde5bfb2)] -> xpath: //input[@id='userDob']]<br>
Sleeping ... zZz 2<br>
[[FirefoxDriver: firefox on windows (1cf2b5c0-f4de-4dfe-a6d0-d3a8dde5bfb2)] -> xpath: //input[@id='field-email']]<---------> has been clicked<br>
Sleeping ... zZz 2<br>
arojitpronoy@gmail.com <-----> has been put into <-----> [[FirefoxDriver: firefox on windows (1cf2b5c0-f4de-4dfe-a6d0-d3a8dde5bfb2)] -> xpath: //input[@id='field-email']]<br>
Sleeping ... zZz 2<br>
[[FirefoxDriver: firefox on windows (1cf2b5c0-f4de-4dfe-a6d0-d3a8dde5bfb2)] -> xpath: //input[@name='userPhone']]<---------> has been clicked<br>
Sleeping ... zZz 2<br>
9175957072 <-----> has been put into <-----> [[FirefoxDriver: firefox on windows (1cf2b5c0-f4de-4dfe-a6d0-d3a8dde5bfb2)] -> xpath: //input[@name='userPhone']]<br>
Sleeping ... zZz 2<br>
[[FirefoxDriver: firefox on windows (1cf2b5c0-f4de-4dfe-a6d0-d3a8dde5bfb2)] -> name: cdcguestcheck]<---------> has been clicked<br>
[[FirefoxDriver: firefox on windows (1cf2b5c0-f4de-4dfe-a6d0-d3a8dde5bfb2)] -> name: cdcguestcheck]<---------> is Enable<br>
Sleeping ... zZz 2<br>
Proxy element for: DefaultElementLocator 'By.xpath: //span[@id='nextBtn']'<---------> has been clicked<br>
Sleeping ... zZz 3<br>
[[FirefoxDriver: firefox on windows (1cf2b5c0-f4de-4dfe-a6d0-d3a8dde5bfb2)] -> xpath: //input[@id='check-1']]<---------> has been clicked<br>
[[FirefoxDriver: firefox on windows (1cf2b5c0-f4de-4dfe-a6d0-d3a8dde5bfb2)] -> xpath: //input[@id='check-1']]<---------> is Enable<br>
Sleeping ... zZz 3<br>
[[FirefoxDriver: firefox on windows (1cf2b5c0-f4de-4dfe-a6d0-d3a8dde5bfb2)] -> xpath: //span[@class='next-btn btn btn__blue']]<---------> has been clicked<br>
Sleeping ... zZz 3<br>
[[FirefoxDriver: firefox on windows (1cf2b5c0-f4de-4dfe-a6d0-d3a8dde5bfb2)] -> xpath: //input[@id='check-207']]<---------> has been clicked<br>
Sleeping ... zZz 3<br>
Proxy element for: DefaultElementLocator 'By.id: cancel-btn'<---------> has been clicked<br>
Sleeping ... zZz 3<br>
[[FirefoxDriver: firefox on windows (1cf2b5c0-f4de-4dfe-a6d0-d3a8dde5bfb2)] -> xpath: //a[@id='0']]<---------> has been clicked<br>
Sleeping ... zZz 3<br>
[[FirefoxDriver: firefox on windows (1cf2b5c0-f4de-4dfe-a6d0-d3a8dde5bfb2)] -> xpath: //*[@id="wag-store-info-0"]/div/div/div[7]/section/section/section/a[7]/span]<---------> has been clicked<br>
Sleeping ... zZz 3<br>
Proxy element for: DefaultElementLocator 'By.xpath: //button[@class='confirmDoseTimeslots btn btn__blue']'<---------> has been clicked<br>
Sleeping ... zZz 2<br>
[[FirefoxDriver: firefox on windows (1cf2b5c0-f4de-4dfe-a6d0-d3a8dde5bfb2)] -> xpath: //input[@name='userFirstname']]<---------> has been clicked<br>
Sleeping ... zZz 2<br>
Arojit <-----> has been put into <-----> [[FirefoxDriver: firefox on windows (1cf2b5c0-f4de-4dfe-a6d0-d3a8dde5bfb2)] -> xpath: //input[@name='userFirstname']]<br>
Sleeping ... zZz 3<br>
[[FirefoxDriver: firefox on windows (1cf2b5c0-f4de-4dfe-a6d0-d3a8dde5bfb2)] -> xpath: //input[@name='userLastname']]<---------> has been clicked<br>
Sleeping ... zZz 2<br>
Pronoy <-----> has been put into <-----> [[FirefoxDriver: firefox on windows (1cf2b5c0-f4de-4dfe-a6d0-d3a8dde5bfb2)] -> xpath: //input[@name='userLastname']]<br>
Sleeping ... zZz 3<br>
[[FirefoxDriver: firefox on windows (1cf2b5c0-f4de-4dfe-a6d0-d3a8dde5bfb2)] -> xpath: //option[@value='Male']]<---------> has been clicked<br>
Sleeping ... zZz 3<br>
[[FirefoxDriver: firefox on windows (1cf2b5c0-f4de-4dfe-a6d0-d3a8dde5bfb2)] -> xpath: //select[@id="race-dropdown"]]<---------> has been clicked<br>
Sleeping ... zZz 3<br>
[[FirefoxDriver: firefox on windows (1cf2b5c0-f4de-4dfe-a6d0-d3a8dde5bfb2)] -> xpath: //select[@id="race-dropdown"]/option[4]]<---------> has been clicked<br>
Sleeping ... zZz 3<br>
[[FirefoxDriver: firefox on windows (1cf2b5c0-f4de-4dfe-a6d0-d3a8dde5bfb2)] -> xpath: //select[@id="ethnicity-dropdown"]]<---------> has been clicked<br>
Sleeping ... zZz 3<br>
[[FirefoxDriver: firefox on windows (1cf2b5c0-f4de-4dfe-a6d0-d3a8dde5bfb2)] -> xpath: //select[@id="ethnicity-dropdown"]/option[4]]<---------> has been clicked<br>
Sleeping ... zZz 3<br>
Proxy element for: DefaultElementLocator 'By.xpath: //button[@id="nextButton-cdcInfoGuest"]'<---------> has been clicked<br>
Sleeping ... zZz 3<br>]]>
  </system-out>
</testsuite> <!-- pagesTest.VaccinationTest -->
