<?xml version="1.0" encoding="UTF-8"?>
<!-- Generated by org.testng.reporters.JUnitReportReporter -->
<testsuite hostname="DESKTOP-PPS1TL0" failures="0" tests="21" name="pagesTest.HomePageTest" time="12.257" errors="0" timestamp="2023-12-17T23:37:21 EST" skipped="20">
  <testcase classname="pagesTest.HomePageTest" name="use_of_getCurrentURL_method" time="12.257"/>
  <system-out/>
  <testcase classname="pagesTest.HomePageTest" name="cssSelector_as_locator_in_sign_In_button">
    <skipped/>
  </testcase> <!-- cssSelector_as_locator_in_sign_In_button -->
  <system-out/>
  <testcase classname="pagesTest.HomePageTest" name="use_of_partialLinkText_as_locator_in_Notice_of_Practices_hyperlink">
    <skipped/>
  </testcase> <!-- use_of_partialLinkText_as_locator_in_Notice_of_Practices_hyperlink -->
  <system-out/>
  <testcase classname="pagesTest.HomePageTest" name="getCurrentMethod">
    <skipped/>
  </testcase> <!-- getCurrentMethod -->
  <system-out/>
  <testcase classname="pagesTest.HomePageTest" name="clearMethod">
    <skipped/>
  </testcase> <!-- clearMethod -->
  <system-out/>
  <testcase classname="pagesTest.HomePageTest" name="use_of_isEnabled_in_sign_button">
    <skipped/>
  </testcase> <!-- use_of_isEnabled_in_sign_button -->
  <system-out/>
  <testcase classname="pagesTest.HomePageTest" name="use_cssSelector_as_locator_in_logo">
    <skipped/>
  </testcase> <!-- use_cssSelector_as_locator_in_logo -->
  <system-out/>
  <testcase classname="pagesTest.HomePageTest" name="gettext">
    <skipped/>
  </testcase> <!-- gettext -->
  <system-out/>
  <testcase classname="pagesTest.HomePageTest" name="use_of_isDisplayed_in_FAQS_">
    <skipped/>
  </testcase> <!-- use_of_isDisplayed_in_FAQS_ -->
  <system-out/>
  <testcase classname="pagesTest.HomePageTest" name="use_of_isSelected_in_check_box">
    <skipped/>
  </testcase> <!-- use_of_isSelected_in_check_box -->
  <system-out/>
  <testcase classname="pagesTest.HomePageTest" name="clickLogo">
    <skipped/>
  </testcase> <!-- clickLogo -->
  <system-out/>
  <testcase classname="pagesTest.HomePageTest" name="use_of_xpath_as_locator_Chat_Now_button">
    <skipped/>
  </testcase> <!-- use_of_xpath_as_locator_Chat_Now_button -->
  <system-out/>
  <testcase classname="pagesTest.HomePageTest" name="logoDisplayedTest02">
    <skipped/>
  </testcase> <!-- logoDisplayedTest02 -->
  <system-out/>
  <testcase classname="pagesTest.HomePageTest" name="inputTextInUserIdFieldTest">
    <skipped/>
  </testcase> <!-- inputTextInUserIdFieldTest -->
  <system-out/>
  <testcase classname="pagesTest.HomePageTest" name="use_of_sendKeys_method">
    <skipped/>
  </testcase> <!-- use_of_sendKeys_method -->
  <system-out/>
  <testcase classname="pagesTest.HomePageTest" name="use_of_navigate_method">
    <skipped/>
  </testcase> <!-- use_of_navigate_method -->
  <system-out/>
  <testcase classname="pagesTest.HomePageTest" name="clickLoginButtonTest">
    <skipped/>
  </testcase> <!-- clickLoginButtonTest -->
  <system-out/>
  <testcase classname="pagesTest.HomePageTest" name="use_of_linkText_as_locator_in_FAQs_hyperlink">
    <skipped/>
  </testcase> <!-- use_of_linkText_as_locator_in_FAQs_hyperlink -->
  <system-out/>
  <testcase classname="pagesTest.HomePageTest" name="use_of_sendKeys_method_then_click_by_returnKey">
    <skipped/>
  </testcase> <!-- use_of_sendKeys_method_then_click_by_returnKey -->
  <system-out/>
  <testcase classname="pagesTest.HomePageTest" name="clickUserId">
    <skipped/>
  </testcase> <!-- clickUserId -->
  <system-out/>
  <testcase classname="pagesTest.HomePageTest" name="clickForgotUserIdTest">
    <skipped/>
  </testcase> <!-- clickForgotUserIdTest -->
  <system-out/>
</testsuite> <!-- pagesTest.HomePageTest -->
