<?xml version="1.0" encoding="UTF-8"?>
<!-- Generated by org.testng.reporters.JUnitReportReporter -->
<testsuite hostname="DESKTOP-PPS1TL0" failures="0" tests="8" name="pagesTest.HomePageTest" time="10.608" errors="0" timestamp="2023-11-22T23:08:35 EST" skipped="7">
  <testcase classname="pagesTest.HomePageTest" name="use_of_xpath_as_locator_Chat_Now_button" time="10.608"/>
  <testcase classname="pagesTest.HomePageTest" name="clickUserId">
    <skipped/>
  </testcase> <!-- clickUserId -->
  <testcase classname="pagesTest.HomePageTest" name="use_of_linkText_as_locator_in_FAQs_hyperlink">
    <skipped/>
  </testcase> <!-- use_of_linkText_as_locator_in_FAQs_hyperlink -->
  <testcase classname="pagesTest.HomePageTest" name="inputTextInUserIdFieldTest">
    <skipped/>
  </testcase> <!-- inputTextInUserIdFieldTest -->
  <testcase classname="pagesTest.HomePageTest" name="clickLogo">
    <skipped/>
  </testcase> <!-- clickLogo -->
  <testcase classname="pagesTest.HomePageTest" name="clickLoginButtonTest">
    <skipped/>
  </testcase> <!-- clickLoginButtonTest -->
  <testcase classname="pagesTest.HomePageTest" name="use_of_partialLinkText_as_locator_in_Notice_of_Practices_hyperlink">
    <skipped/>
  </testcase> <!-- use_of_partialLinkText_as_locator_in_Notice_of_Practices_hyperlink -->
  <testcase classname="pagesTest.HomePageTest" name="clickForgotUserIdTest">
    <skipped/>
  </testcase> <!-- clickForgotUserIdTest -->
</testsuite> <!-- pagesTest.HomePageTest -->
