<?xml version="1.0" encoding="UTF-8"?>
<!-- Generated by org.testng.reporters.JUnitReportReporter -->
<testsuite hostname="DESKTOP-PPS1TL0" failures="0" tests="1" name="pagesTest.HomePageTest" time="7.964" errors="0" timestamp="2023-11-21T23:02:12 EST" skipped="0">
  <testcase classname="pagesTest.HomePageTest" name="clickLoginButtonTest" time="7.964"/>
</testsuite> <!-- pagesTest.HomePageTest -->
