<?xml version="1.0" encoding="UTF-8"?>
<!-- Generated by org.testng.reporters.JUnitReportReporter -->
<testsuite hostname="John" failures="0" tests="1" name="pagesTest.HomePageTest" time="7.991" errors="0" timestamp="2023-11-15T21:35:51 EST" skipped="0">
  <testcase classname="pagesTest.HomePageTest" name="clickLoginButtonTest" time="7.991"/>
</testsuite> <!-- pagesTest.HomePageTest -->
